
Chromatic CLI v9.0.0
https://www.chromatic.com/docs/cli

Authenticating with Chromatic
    → Connecting to https://index.chromatic.com
Authenticated with Chromatic
    → Using project token '****************eab3'
Retrieving git information
Retrieved git information
    → Commit '85ad245' on branch 'master'; no ancestor found
Collecting Storybook metadata
Collected Storybook metadata
    → Storybook 7.5.3 for React; using the @storybook/nextjs builder (7.5.3); supported addons found: Links, Essentials, Interactions
Initializing build
Initialized build
    → Build 1 initialized
Building your Storybook
    → Running command: npm run build-storybook -- --output-dir C:\Users\Rian\AppData\Local\Temp\chromatic--14432-w0IfPA6iBJRY
Storybook built in 23 seconds
    → View build log at C:\Users\Rian\Desktop\Desenvolvimento\mks-challenge\build-storybook.log
Publish your built Storybook
    → Validating Storybook files
Publishing your built Storybook
    → Retrieving target location
    → Starting publish
    → [                    ] 1%
    → [==                  ] 10%
    → [====                ] 18%
    → [====                ] 19%
    → [====                ] 20%
    → [=====               ] 25%
    → [=======             ] 37%
    → [========            ] 42%
    → [==========          ] 48%
    → [==========          ] 49%
    → [==========          ] 50%
    → [==========          ] 51%
    → [===========         ] 53%
    → [===========         ] 54%
    → [===========         ] 57%
    → [============        ] 58%
    → [============        ] 61%
    → [=============       ] 64%
    → [=============       ] 66%
    → [==============      ] 69%
    → [==============      ] 71%
    → [==============      ] 72%
    → [===============     ] 75%
    → [===============     ] 77%
    → [=================   ] 87%
    → [==================  ] 91%
    → [=================== ] 93%
    → [=================== ] 94%
    → [====================] 99%
    → [====================] 100%
Publish complete in 8 seconds
    → View your Storybook at https://65549f9286c2c263efad59d5-djadrseulw.chromatic.com
Verifying your Storybook
    → This may take a few minutes
Started build 1
    → Continue setup at https://www.chromatic.com/setup?appId=65549f9286c2c263efad59d5
Running 2 tests
    → This may take a few minutes
i Speed up Continuous Integration
Your project is linked to GitHub so Chromatic will report results there.
This means you can pass the --exit-once-uploaded flag to skip waiting for build results.
Read more here: https://www.chromatic.com/docs/cli#chromatic-options
    → [==========          ] 1/2  ProductCard › Default 
    → [====================] 2/2  ProductCard › Loading 
√ Build passed. Welcome to Chromatic!
We found 1 component with 2 stories and took 2 snapshots.
i Please continue setup at https://www.chromatic.com/setup?appId=65549f9286c2c263efad59d5
Build 1 auto-accepted
    → Tested 2 stories across 1 component; captured 2 snapshots in 16 seconds


